// 同步 ID: a3f4a210 @ Mon Jul 13 02:26:05 UTC 2026
// 同步 ID: 2fdedb46 @ Mon Jul 13 06:18:07 UTC 2026
// 重构日志: 5023ca84
// 重构日志: 010596ce
// 重构日志: bdafa68f
// 同步 ID: 4c202f51 @ Wed Jul 15 21:35:08 UTC 2026
// 重构日志: 031f2973
// 重构日志: 7f178f52
// 重构日志: 720daccb
// 重构日志: 620e5e1e
// 重构日志: e69fb6a5
// 同步 ID: 68282356 @ Fri Jul 17 16:41:26 UTC 2026
// 同步 ID: 5f5fe7f1 @ Sat Jul 18 09:05:11 UTC 2026
// 重构日志: a08f84af
// 重构日志: ddb35439
// 同步 ID: 279725e4 @ Sat Jul 18 13:34:15 UTC 2026
// 重构日志: ce5b5132
// 重构日志: a68d047c
// 重构日志: 1bf13669
// 重构日志: d88b5380
// 同步 ID: 68c70d7a @ Mon Jul 20 15:46:46 UTC 2026
// 重构日志: dfc4de2e
// 重构日志: 7766d606
// 重构日志: c45bc40b
// 重构日志: 282efa89
// 重构日志: 7c6499bd
// 重构日志: c10a8c92
// 重构日志: 3f8c9873
// 重构日志: abef8d8a
// 同步 ID: 8f934ea2 @ Thu Jul 23 18:08:02 UTC 2026
